Guru Meditation Error: Core  0 panic'ed (LoadProhibited). Exception was unhandled.
Core 0 register dump:
PC      : 0x401a22ed  PS      : 0x00060d30  A0      : 0x8017b750  A1      : 0x3ffe38d0  
A2      : 0x3ffc3d80  A3      : 0x3ffba72c  A4      : 0x00000021  A5      : 0x3ffba710  
A6      : 0x00000072  A7      : 0x00000000  A8      : 0x00000000  A9      : 0x3ffe38d0  
A10     : 0x3ffba760  A11     : 0x00001800  A12     : 0x3ffb63f4  A13     : 0x00000000  
A14     : 0x00000000  A15     : 0x00000001  SAR     : 0x00000018  EXCCAUSE: 0x0000001c  
EXCVADDR: 0x00000004  LBEG    : 0x400014fd  LEND    : 0x4000150d  LCOUNT  : 0xfffffff7  

ELF file SHA256: 0000000000000000

Backtrace: 0x401a22ed:0x3ffe38d0 0x4017b74d:0x3ffe38f0 0x400d2092:0x3ffe3910 0x400d2140:0x3ffe3940 0x400d21f5:0x3ffe3970 0x400d2220:0x3ffe39a0 0x400d2279:0x3ffe39e0 0x400d32b1:0x3ffe3a00 0x400d3325:0x3ffe3b90 0x40162fef:0x3ffe3bb0 0x4008431d:0x3ffe3bd0 0x4008454c:0x3ffe3c20 0x40079247:0x3ffe3c40 0x400792ad:0x3ffe3c70 0x400792b8:0x3ffe3ca0 0x40079465:0x3ffe3cc0 0x400806da:0x3ffe3df0 0x40007c15:0x3ffe3eb0 0x4000073d:0x3ffe3f20

Rebooting...
ets Jul 29 2019 12:21:46

rst:0xc (SW_CPU_RESET),boot:0x13 (SPI_FAST_FLASH_BOOT)
configsip: 0, SPIWP:0xee
clk_drv:0x00,q_drv:0x00,d_drv:0x00,cs0_drv:0x00,hd_drv:0x00,wp_drv:0x00
mode:DIO, clock div:2
load:0x3fff0018,len:4
load:0x3fff001c,len:1044
load:0x40078000,len:10124
load:0x40080400,len:5828
entry 0x400806a8
Guru Meditation Error: Core  0 panic'ed (LoadProhibited). Exception was unhandled.
Core 0 register dump:
PC      : 0x401a22ed  PS      : 0x00060d30  A0      : 0x8017b750  A1      : 0x3ffe38d0  
A2      : 0x3ffc3d80  A3      : 0x3ffba72c  A4      : 0x00000021  A5      : 0x3ffba710  
A6      : 0x00000072  A7      : 0x00000000  A8      : 0x00000000  A9      : 0x3ffe38d0  
A10     : 0x3ffba760  A11     : 0x00001800  A12     : 0x3ffb63f4  A13     : 0x00000000  
A14     : 0x00000000  A15     : 0x00000001  SAR     : 0x00000018  EXCCAUSE: 0x0000001c  
EXCVADDR: 0x00000004  LBEG    : 0x400014fd  LEND    : 0x4000150d  LCOUNT  : 0xfffffff7  

ELF file SHA256: 0000000000000000

Backtrace: 0x401a22ed:0x3ffe38d0 0x4017b74d:0x3ffe38f0 0x400d2092:0x3ffe3910 0x400d2140:0x3ffe3940 0x400d21f5:0x3ffe3970 0x400d2220:0x3ffe39a0 0x400d2279:0x3ffe39e0 0x400d32b1:0x3ffe3a00 0x400d3325:0x3ffe3b90 0x40162fef:0x3ffe3bb0 0x4008431d:0x3ffe3bd0 0x4008454c:0x3ffe3c20 0x40079247:0x3ffe3c40 0x400792ad:0x3ffe3c70 0x400792b8:0x3ffe3ca0 0x40079465:0x3ffe3cc0 0x400806da:0x3ffe3df0 0x40007c15:0x3ffe3eb0 0x4000073d:0x3ffe3f20

Rebooting...
ets Jul 29 2019 12:21:46

rst:0xc (SW_CPU_RESET),boot:0x13 (SPI_FAST_FLASH_BOOT)
configsip: 0, SPIWP:0xee
clk_drv:0x00,q_drv:0x00,d_drv:0x00,cs0_drv:0x00,hd_drv:0x00,wp_drv:0x00
mode:DIO, clock div:2
load:0x3fff0018,len:4
load:0x3fff001c,len:1044
load:0x40078000,len:10124
load:0x40080400,len:5828
entry 0x400806a8
Guru Meditation Error: Core  0 panic'ed (LoadProhibited). Exception was unhandled.
Core 0 register dump:
PC      : 0x401a22ed  PS      : 0x00060d30  A0      : 0x8017b750  A1      : 0x3ffe38d0  
A2      : 0x3ffc3d80  A3      : 0x3ffba72c  A4      : 0x00000021  A5      : 0x3ffba710  
A6      : 0x00000072  A7      : 0x00000000  A8      : 0x00000000  A9      : 0x3ffe38d0  
A10     : 0x3ffba760  A11     : 0x00001800  A12     : 0x3ffb63f4  A13     : 0x00000000  
A14     : 0x00000000  A15     : 0x00000001  SAR     : 0x00000018  EXCCAUSE: 0x0000001c  
EXCVADDR: 0x00000004  LBEG    : 0x400014fd  LEND    : 0x4000150d  LCOUNT  : 0xfffffff7  

ELF file SHA256: 0000000000000000

Backtrace: 0x401a22ed:0x3ffe38d0 0x4017b74d:0x3ffe38f0 0x400d2092:0x3ffe3910 0x400d2140:0x3ffe3940 0x400d21f5:0x3ffe3970 0x400d2220:0x3ffe39a0 0x400d2279:0x3ffe39e0 0x400d32b1:0x3ffe3a00 0x400d3325:0x3ffe3b90 0x40162fef:0x3ffe3bb0 0x4008431d:0x3ffe3bd0 0x4008454c:0x3ffe3c20 0x40079247:0x3ffe3c40 0x400792ad:0x3ffe3c70 0x400792b8:0x3ffe3ca0 0x40079465:0x3ffe3cc0 0x400806da:0x3ffe3df0 0x40007c15:0x3ffe3eb0 0x4000073d:0x3ffe3f20

Rebooting...
ets Jul 29 2019 12:21:46

rst:0xc (SW_CPU_RESET),boot:0x13 (SPI_FAST_FLASH_BOOT)
configsip: 0, SPIWP:0xee
clk_drv:0x00,q_drv:0x00,d_drv:0x00,cs0_drv:0x00,hd_drv:0x00,wp_drv:0x00
mode:DIO, clock div:2
load:0x3fff0018,len:4
load:0x3fff001c,len:1044
load:0x40078000,len:10124
load:0x40080400,len:5828
entry 0x400806a8
Guru Meditation Error: Core  0 panic'ed (LoadProhibited). Exception was unhandled.
Core 0 register dump:
PC      : 0x401a22ed  PS      : 0x00060d30  A0      : 0x8017b750  A1      : 0x3ffe38d0  
A2      : 0x3ffc3d80  A3      : 0x3ffba72c  A4      : 0x00000021  A5      : 0x3ffba710  
A6      : 0x00000072  A7      : 0x00000000  A8      : 0x00000000  A9      : 0x3ffe38d0  
A10     : 0x3ffba760  A11     : 0x00001800  A12     : 0x3ffb63f4  A13     : 0x00000000  
A14     : 0x00000000  A15     : 0x00000001  SAR     : 0x00000018  EXCCAUSE: 0x0000001c  
EXCVADDR: 0x00000004  LBEG    : 0x400014fd  LEND    : 0x4000150d  LCOUNT  : 0xfffffff7  

ELF file SHA256: 0000000000000000

Backtrace: 0x401a22ed:0x3ffe38d0 0x4017b74d:0x3ffe38f0 0x400d2092:0x3ffe3910 0x400d2140:0x3ffe3940 0x400d21f5:0x3ffe3970 0x400d2220:0x3ffe39a0 0x400d2279:0x3ffe39e0 0x400d32b1:0x3ffe3a00 0x400d3325:0x3ffe3b90 0x40162fef:0x3ffe3bb0 0x4008431d:0x3ffe3bd0 0x4008454c:0x3ffe3c20 0x40079247:0x3ffe3c40 0x400792ad:0x3ffe3c70 0x400792b8:0x3ffe3ca0 0x40079465:0x3ffe3cc0 0x400806da:0x3ffe3df0 0x40007c15:0x3ffe3eb0 0x4000073d:0x3ffe3f20

Rebooting...
ets Jul 29 2019 12:21:46

rst:0xc (SW_CPU_RESET),boot:0x13 (SPI_FAST_FLASH_BOOT)
configsip: 0, SPIWP:0xee
clk_drv:0x00,q_drv:0x00,d_drv:0x00,cs0_drv:0x00,hd_drv:0x00,wp_drv:0x00
mode:DIO, clock div:2
load:0x3fff0018,len:4
load:0x3fff001c,len:1044
load:0x40078000,len:10124
load:0x40080400,len:5828
entry 0x400806a8
Guru Meditation Error: Core  0 panic'ed (LoadProhibited). Exception was unhandled.
Core 0 register dump:
PC      : 0x401a22ed  PS      : 0x00060d30  A0      : 0x8017b750  A1      : 0x3ffe38d0  
A2      : 0x3ffc3d80  A3      : 0x3ffba72c  A4      : 0x00000021  A5      : 0x3ffba710  
A6      : 0x00000072  A7      : 0x00000000  A8      : 0x00000000  A9      : 0x3ffe38d0  
A10     : 0x3ffba760  A11     : 0x00001800  A12     : 0x3ffb63f4  A13     : 0x00000000  
A14     : 0x00000000  A15     : 0x00000001  SAR     : 0x00000018  EXCCAUSE: 0x0000001c  
EXCVADDR: 0x00000004  LBEG    : 0x400014fd  LEND    : 0x4000150d  LCOUNT  : 0xfffffff7  

ELF file SHA256: 0000000000000000

Backtrace: 0x401a22ed:0x3ffe38d0 0x4017b74d:0x3ffe38f0 0x400d2092:0x3ffe3910 0x400d2140:0x3ffe3940 0x400d21f5:0x3ffe3970 0x400d2220:0x3ffe39a0 0x400d2279:0x3ffe39e0 0x400d32b1:0x3ffe3a00 0x400d3325:0x3ffe3b90 0x40162fef:0x3ffe3bb0 0x4008431d:0x3ffe3bd0 0x4008454c:0x3ffe3c20 0x40079247:0x3ffe3c40 0x400792ad:0x3ffe3c70 0x400792b8:0x3ffe3ca0 0x40079465:0x3ffe3cc0 0x400806da:0x3ffe3df0 0x40007c15:0x3ffe3eb0 0x4000073d:0x3ffe3f20

Rebooting...
ets Jul 29 2019 12:21:46

rst:0xc (SW_CPU_RESET),boot:0x13 (SPI_FAST_FLASH_BOOT)
configsip: 0, SPIWP:0xee
clk_drv:0x00,q_drv:0x00,d_drv:0x00,cs0_drv:0x00,hd_drv:0x00,wp_drv:0x00
mode:DIO, clock div:2
load:0x3fff0018,len:4
load:0x3fff001c,len:1044
load:0x40078000,len:10124
load:0x40080400,len:5828
entry 0x400806a8
Guru Meditation Error: Core  0 panic'ed (LoadProhibited). Exception was unhandled.
Core 0 register dump:
PC      : 0x401a22ed  PS      : 0x00060d30  A0      : 0x8017b750  A1      : 0x3ffe38d0  
A2      : 0x3ffc3d80  A3      : 0x3ffba72c  A4      : 0x00000021  A5      : 0x3ffba710  
A6      : 0x00000072  A7      : 0x00000000  A8      : 0x00000000  A9      : 0x3ffe38d0  
A10     : 0x3ffba760  A11     : 0x00001800  A12     : 0x3ffb63f4  A13     : 0x00000000  
A14     : 0x00000000  A15     : 0x00000001  SAR     : 0x00000018  EXCCAUSE: 0x0000001c  
EXCVADDR: 0x00000004  LBEG    : 0x400014fd  LEND    : 0x4000150d  LCOUNT  : 0xfffffff7  

ELF file SHA256: 0000000000000000

Backtrace: 0x401a22ed:0x3ffe38d0 0x4017b74d:0x3ffe38f0 0x400d2092:0x3ffe3910 0x400d2140:0x3ffe3940 0x400d21f5:0x3ffe3970 0x400d2220:0x3ffe39a0 0x400d2279:0x3ffe39e0 0x400d32b1:0x3ffe3a00 0x400d3325:0x3ffe3b90 0x40162fef:0x3ffe3bb0 0x4008431d:0x3ffe3bd0 0x4008454c:0x3ffe3c20 0x40079247:0x3ffe3c40 0x400792ad:0x3ffe3c70 0x400792b8:0x3ffe3ca0 0x40079465:0x3ffe3cc0 0x400806da:0x3ffe3df0 0x40007c15:0x3ffe3eb0 0x4000073d:0x3ffe3f20

Rebooting...
ets Jul 29 2019 12:21:46

rst:0xc (SW_CPU_RESET),boot:0x13 (SPI_FAST_FLASH_BOOT)
configsip: 0, SPIWP:0xee
clk_drv:0x00,q_drv:0x00,d_drv:0x00,cs0_drv:0x00,hd_drv:0x00,wp_drv:0x00
mode:DIO, clock div:2
load:0x3fff0018,len:4
load:0x3fff001c,len:1044
load:0x40078000,len:10124
load:0x40080400,len:5828
entry 0x400806a8
Guru Meditation Error: Core  0 panic'ed (LoadProhibited). Exception was unhandled.
Core 0 register dump:
PC      : 0x401a22ed  PS      : 0x00060d30  A0      : 0x8017b750  A1      : 0x3ffe38d0  
A2      : 0x3ffc3d80  A3      : 0x3ffba72c  A4      : 0x00000021  A5      : 0x3ffba710  
A6      : 0x00000072  A7      : 0x00000000  A8      : 0x00000000  A9      : 0x3ffe38d0  
A10     : 0x3ffba760  A11     : 0x00001800  A12     : 0x3ffb63f4  A13     : 0x00000000  
A14     : 0x00000000  A15     : 0x00000001  SAR     : 0x00000018  EXCCAUSE: 0x0000001c  
EXCVADDR: 0x00000004  LBEG    : 0x400014fd  LEND    : 0x4000150d  LCOUNT  : 0xfffffff7  

ELF file SHA256: 0000000000000000

Backtrace: 0x401a22ed:0x3ffe38d0 0x4017b74d:0x3ffe38f0 0x400d2092:0x3ffe3910 0x400d2140:0x3ffe3940 0x400d21f5:0x3ffe3970 0x400d2220:0x3ffe39a0 0x400d2279:0x3ffe39e0 0x400d32b1:0x3ffe3a00 0x400d3325:0x3ffe3b90 0x40162fef:0x3ffe3bb0 0x4008431d:0x3ffe3bd0 0x4008454c:0x3ffe3c20 0x40079247:0x3ffe3c40 0x400792ad:0x3ffe3c70 0x400792b8:0x3ffe3ca0 0x40079465:0x3ffe3cc0 0x400806da:0x3ffe3df0 0x40007c15:0x3ffe3eb0 0x4000073d:0x3ffe3f20

Rebooting...
ets Jul 29 2019 12:21:46

rst:0xc (SW_CPU_RESET),boot:0x13 (SPI_FAST_FLASH_BOOT)
configsip: 0, SPIWP:0xee
clk_drv:0x00,q_drv:0x00,d_drv:0x00,cs0_drv:0x00,hd_drv:0x00,wp_drv:0x00
mode:DIO, clock div:2
load:0x3fff0018,len:4
load:0x3fff001c,len:1044
load:0x40078000,len:10124
load:0x40080400,len:5828
entry 0x400806a8
Guru Meditation Error: Core  0 panic'ed (LoadProhibited). Exception was unhandled.
Core 0 register dump:
PC      : 0x401a22ed  PS      : 0x00060d30  A0      : 0x8017b750  A1      : 0x3ffe38d0  
A2      : 0x3ffc3d80  A3      : 0x3ffba72c  A4      : 0x00000021  A5      : 0x3ffba710  
A6      : 0x00000072  A7      : 0x00000000  A8      : 0x00000000  A9      : 0x3ffe38d0  
A10     : 0x3ffba760  A11     : 0x00001800  A12     : 0x3ffb63f4  A13     : 0x00000000  
A14     : 0x00000000  A15     : 0x00000001  SAR     : 0x00000018  EXCCAUSE: 0x0000001c  
EXCVADDR: 0x00000004  LBEG    : 0x400014fd  LEND    : 0x4000150d  LCOUNT  : 0xfffffff7  

ELF file SHA256: 0000000000000000

Backtrace: 0x401a22ed:0x3ffe38d0 0x4017b74d:0x3ffe38f0 0x400d2092:0x3ffe3910 0x400d2140:0x3ffe3940 0x400d21f5:0x3ffe3970 0x400d2220:0x3ffe39a0 0x400d2279:0x3ffe39e0 0x400d32b1:0x3ffe3a00 0x400d3325:0x3ffe3b90 0x40162fef:0x3ffe3bb0 0x4008431d:0x3ffe3bd0 0x4008454c:0x3ffe3c20 0x40079247:0x3ffe3c40 0x400792ad:0x3ffe3c70 0x400792b8:0x3ffe3ca0 0x40079465:0x3ffe3cc0 0x400806da:0x3ffe3df0 0x40007c15:0x3ffe3eb0 0x4000073d:0x3ffe3f20

Rebooting...
ets Jul 29 2019 12:21:46

rst:0xc (SW_CPU_RESET),boot:0x13 (SPI_FAST_FLASH_BOOT)
configsip: 0, SPIWP:0xee
clk_drv:0x00,q_drv:0x00,d_drv:0x00,cs0_drv:0x00,hd_drv:0x00,wp_drv:0x00
mode:DIO, clock div:2
load:0x3fff0018,len:4
load:0x3fff001c,len:1044
load:0x40078000,len:10124
load:0x40080400,len:5828
entry 0x400806a8
Guru Meditation Error: Core  0 panic'ed (LoadProhibited). Exception was unhandled.
Core 0 register dump:
PC      : 0x401a22ed  PS      : 0x00060d30  A0      : 0x8017b750  A1      : 0x3ffe38d0  
A2      : 0x3ffc3d80  A3      : 0x3ffba72c  A4      : 0x00000021  A5      : 0x3ffba710  
A6      : 0x00000072  A7      : 0x00000000  A8      : 0x00000000  A9      : 0x3ffe38d0  
A10     : 0x3ffba760  A11     : 0x00001800  A12     : 0x3ffb63f4  A13     : 0x00000000  
A14     : 0x00000000  A15     : 0x00000001  SAR     : 0x00000018  EXCCAUSE: 0x0000001c  
EXCVADDR: 0x00000004  LBEG    : 0x400014fd  LEND    : 0x4000150d  LCOUNT  : 0xfffffff7  

ELF file SHA256: 0000000000000000

Backtrace: 0x401a22ed:0x3ffe38d0 0x4017b74d:0x3ffe38f0 0x400d2092:0x3ffe3910 0x400d2140:0x3ffe3940 0x400d21f5:0x3ffe3970 0x400d2220:0x3ffe39a0 0x400d2279:0x3ffe39e0 0x400d32b1:0x3ffe3a00 0x400d3325:0x3ffe3b90 0x40162fef:0x3ffe3bb0 0x4008431d:0x3ffe3bd0 0x4008454c:0x3ffe3c20 0x40079247:0x3ffe3c40 0x400792ad:0x3ffe3c70 0x400792b8:0x3ffe3ca0 0x40079465:0x3ffe3cc0 0x400806da:0x3ffe3df0 0x40007c15:0x3ffe3eb0 0x4000073d:0x3ffe3f20

Rebooting...
ets Jul 29 2019 12:21:46

rst:0xc (SW_CPU_RESET),boot:0x13 (SPI_FAST_FLASH_BOOT)
configsip: 0, SPIWP:0xee
clk_drv:0x00,q_drv:0x00,d_drv:0x00,cs0_drv:0x00,hd_drv:0x00,wp_drv:0x00
mode:DIO, clock div:2
load:0x3fff0018,len:4
load:0x3fff001c,len:1044
load:0x40078000,len:10124
load:0x40080400,len:5828
entry 0x400806a8
Guru Meditation Error: Core  0 panic'ed (LoadProhibited). Exception was unhandled.
Core 0 register dump:
PC      : 0x401a22ed  PS      : 0x00060d30  A0      : 0x8017b750  A1      : 0x3ffe38d0  
A2      : 0x3ffc3d80  A3      : 0x3ffba72c  A4      : 0x00000021  A5      : 0x3ffba710  
A6      : 0x00000072  A7      : 0x00000000  A8      : 0x00000000  A9      : 0x3ffe38d0  
A10     : 0x3ffba760  A11     : 0x00001800  A12     : 0x3ffb63f4  A13     : 0x00000000  
A14     : 0x00000000  A15     : 0x00000001  SAR     : 0x00000018  EXCCAUSE: 0x0000001c  
EXCVADDR: 0x00000004  LBEG    : 0x400014fd  LEND    : 0x4000150d  LCOUNT  : 0xfffffff7  

ELF file SHA256: 0000000000000000

Backtrace: 0x401a22ed:0x3ffe38d0 0x4017b74d:0x3ffe38f0 0x400d2092:0x3ffe3910 0x400d2140:0x3ffe3940 0x400d21f5:0x3ffe3970 0x400d2220:0x3ffe39a0 0x400d2279:0x3ffe39e0 0x400d32b1:0x3ffe3a00 0x400d3325:0x3ffe3b90 0x40162fef:0x3ffe3bb0 0x4008431d:0x3ffe3bd0 0x4008454c:0x3ffe3c20 0x40079247:0x3ffe3c40 0x400792ad:0x3ffe3c70 0x400792b8:0x3ffe3ca0 0x40079465:0x3ffe3cc0 0x400806da:0x3ffe3df0 0x40007c15:0x3ffe3eb0 0x4000073d:0x3ffe3f20

Rebooting...
ets Jul 29 2019 12:21:46

rst:0xc (SW_CPU_RESET),boot:0x13 (SPI_FAST_FLASH_BOOT)
configsip: 0, SPIWP:0xee
clk_drv:0x00,q_drv:0x00,d_drv:0x00,cs0_drv:0x00,hd_drv:0x00,wp_drv:0x00
mode:DIO, clock div:2
load:0x3fff0018,len:4
load:0x3fff001c,len:1044
load:0x40078000,len:10124
load:0x40080400,len:5828
entry 0x400806a8
Guru Meditation Error: Core  0 panic'ed (LoadProhibited). Exception was unhandled.
Core 0 register dump:
PC      : 0x401a22ed  PS      : 0x00060d30  A0      : 0x8017b750  A1      : 0x3ffe38d0  
A2      : 0x3ffc3d80  A3      : 0x3ffba72c  A4      : 0x00000021  A5      : 0x3ffba710  
A6      : 0x00000072  A7      : 0x00000000  A8      : 0x00000000  A9      : 0x3ffe38d0  
A10     : 0x3ffba760  A11     : 0x00001800  A12     : 0x3ffb63f4  A13     : 0x00000000  
A14     : 0x00000000  A15     : 0x00000001  SAR     : 0x00000018  EXCCAUSE: 0x0000001c  
EXCVADDR: 0x00000004  LBEG    : 0x400014fd  LEND    : 0x4000150d  LCOUNT  : 0xfffffff7  

ELF file SHA256: 0000000000000000

Backtrace: 0x401a22ed:0x3ffe38d0 0x4017b74d:0x3ffe38f0 0x400d2092:0x3ffe3910 0x400d2140:0x3ffe3940 0x400d21f5:0x3ffe3970 0x400d2220:0x3ffe39a0 0x400d2279:0x3ffe39e0 0x400d32b1:0x3ffe3a00 0x400d3325:0x3ffe3b90 0x40162fef:0x3ffe3bb0 0x4008431d:0x3ffe3bd0 0x4008454c:0x3ffe3c20 0x40079247:0x3ffe3c40 0x400792ad:0x3ffe3c70 0x400792b8:0x3ffe3ca0 0x40079465:0x3ffe3cc0 0x400806da:0x3ffe3df0 0x40007c15:0x3ffe3eb0 0x4000073d:0x3ffe3f20

Rebooting...
ets Jul 29 2019 12:21:46

rst:0xc (SW_CPU_RESET),boot:0x13 (SPI_FAST_FLASH_BOOT)
configsip: 0, SPIWP:0xee
clk_drv:0x00,q_drv:0x00,d_drv:0x00,cs0_drv:0x00,hd_drv:0x00,wp_drv:0x00
mode:DIO, clock div:2
load:0x3fff0018,len:4
load:0x3fff001c,len:1044
load:0x40078000,len:10124
load:0x40080400,len:5828
entry 0x400806a8
Guru Meditation Error: Core  0 panic'ed (LoadProhibited). Exception was unhandled.
Core 0 register dump:
PC      : 0x401a22ed  PS      : 0x00060d30  A0      : 0x8017b750  A1      : 0x3ffe38d0  
A2      : 0x3ffc3d80  A3      : 0x3ffba72c  A4      : 0x00000021  A5      : 0x3ffba710  
A6      : 0x00000072  A7      : 0x00000000  A8      : 0x00000000  A9      : 0x3ffe38d0  
A10    